<?xml version="1.0" encoding="UTF-8"?>
<testng-results skipped="0" failed="0" ignored="0" total="0" passed="0">
  <reporter-output>
  </reporter-output>
  <suite name="Suite1" duration-ms="2" started-at="2018-07-31T18:02:34Z" finished-at="2018-07-31T18:02:34Z">
    <groups>
    </groups>
    <test name="Test" duration-ms="2" started-at="2018-07-31T18:02:34Z" finished-at="2018-07-31T18:02:34Z">
    </test> <!-- Test -->
  </suite> <!-- Suite1 -->
  <suite name="Suite2" duration-ms="2" started-at="2018-07-31T18:02:34Z" finished-at="2018-07-31T18:02:34Z">
    <groups>
    </groups>
    <test name="Test" duration-ms="2" started-at="2018-07-31T18:02:34Z" finished-at="2018-07-31T18:02:34Z">
    </test> <!-- Test -->
  </suite> <!-- Suite2 -->
</testng-results>
