<?xml version="1.0" encoding="UTF-8"?>
<testng-results skipped="0" failed="0" total="2" passed="2">
  <reporter-output>
  </reporter-output>
  <suite name="Suite1" duration-ms="3124" started-at="2018-07-31T17:38:16Z" finished-at="2018-07-31T17:38:19Z">
    <groups>
    </groups>
    <test name="Test" duration-ms="3124" started-at="2018-07-31T17:38:16Z" finished-at="2018-07-31T17:38:19Z">
      <class name="test.parallel">
        <test-method status="PASS" signature="setUp(int)[pri:0, instance:test.parallel@2ef5e5e3]" name="setUp" is-config="true" duration-ms="2464" started-at="2018-08-01T01:38:16Z" finished-at="2018-08-01T01:38:19Z">
          <params>
            <param index="0">
              <value>
                <![CDATA[1]]>
              </value>
            </param>
          </params>
          <reporter-output>
          </reporter-output>
        </test-method> <!-- setUp -->
        <test-method status="PASS" signature="f1()[pri:0, instance:test.parallel@2ef5e5e3]" name="f1" duration-ms="647" started-at="2018-08-01T01:38:19Z" finished-at="2018-08-01T01:38:19Z">
          <reporter-output>
          </reporter-output>
        </test-method> <!-- f1 -->
        <test-method status="PASS" signature="f2()[pri:0, instance:test.parallel@2ef5e5e3]" name="f2" duration-ms="1" started-at="2018-08-01T01:38:19Z" finished-at="2018-08-01T01:38:19Z">
          <reporter-output>
          </reporter-output>
        </test-method> <!-- f2 -->
      </class> <!-- test.parallel -->
    </test> <!-- Test -->
  </suite> <!-- Suite1 -->
</testng-results>
