<?xml version="1.0" encoding="UTF-8"?>
<testng-results skipped="0" failed="0" total="1" passed="1">
  <reporter-output>
  </reporter-output>
  <suite name="Default suite" duration-ms="124" started-at="2019-01-17T15:18:49Z" finished-at="2019-01-17T15:18:50Z">
    <groups>
    </groups>
    <test name="Default test" duration-ms="124" started-at="2019-01-17T15:18:49Z" finished-at="2019-01-17T15:18:50Z">
      <class name="javaCore.compare">
        <test-method status="PASS" signature="toJson()[pri:0, instance:javaCore.compare@573f2bb1]" name="toJson" duration-ms="109" started-at="2019-01-17T23:18:49Z" finished-at="2019-01-17T23:18:50Z">
          <reporter-output>
          </reporter-output>
        </test-method> <!-- toJson -->
      </class> <!-- javaCore.compare -->
    </test> <!-- Default test -->
  </suite> <!-- Default suite -->
</testng-results>
